[2024-05-30T04:09:51.512+0000] {manager.py:470} INFO - Processing files using up to 2 processes at a time 
[2024-05-30T04:09:51.512+0000] {manager.py:471} INFO - Process each file at most once every 30 seconds
[2024-05-30T04:09:51.512+0000] {manager.py:472} INFO - Checking for new files in /opt/airflow/dags every 300 seconds
[2024-05-30T04:09:51.513+0000] {manager.py:737} INFO - Searching for files in /opt/airflow/dags
[2024-05-30T04:09:51.517+0000] {manager.py:740} INFO - There are 3 files in /opt/airflow/dags
[2024-05-30T04:09:51.564+0000] {manager.py:878} INFO - 
================================================================================
DAG File Processing Stats

File Path                                      PID  Runtime      # DAGs    # Errors  Last Runtime    Last Run
-------------------------------------------  -----  ---------  --------  ----------  --------------  ----------
/opt/airflow/dags/update_final_table_dag.py    165  0.02s             0           0
/opt/airflow/dags/cust_prof_dag.py             168  0.02s             0           0
/opt/airflow/dags/create_final_table_dag.py                           0           0
================================================================================
[2024-05-30T04:10:19.499+0000] {manager.py:452} INFO - Exiting gracefully upon receiving signal 15
[2024-05-30T04:11:43.475+0000] {manager.py:470} INFO - Processing files using up to 2 processes at a time 
[2024-05-30T04:11:43.475+0000] {manager.py:471} INFO - Process each file at most once every 30 seconds
[2024-05-30T04:11:43.475+0000] {manager.py:472} INFO - Checking for new files in /opt/airflow/dags every 300 seconds
[2024-05-30T04:11:43.476+0000] {manager.py:737} INFO - Searching for files in /opt/airflow/dags
[2024-05-30T04:11:43.482+0000] {manager.py:740} INFO - There are 3 files in /opt/airflow/dags
[2024-05-30T04:11:43.629+0000] {manager.py:878} INFO - 
================================================================================
DAG File Processing Stats

File Path                                      PID  Runtime      # DAGs    # Errors  Last Runtime    Last Run
-------------------------------------------  -----  ---------  --------  ----------  --------------  ----------
/opt/airflow/dags/update_final_table_dag.py    165  0.03s             0           0
/opt/airflow/dags/cust_prof_dag.py             168  0.02s             0           0
/opt/airflow/dags/create_final_table_dag.py                           0           0
================================================================================
