[2024-05-30T11:46:18.909+0000] {processor.py:161} INFO - Started process (PID=7345) to work on /opt/airflow/dags/create_final_table_dag.py
[2024-05-30T11:46:18.911+0000] {processor.py:830} INFO - Processing file /opt/airflow/dags/create_final_table_dag.py for tasks to queue
[2024-05-30T11:46:18.913+0000] {logging_mixin.py:188} INFO - [2024-05-30T11:46:18.913+0000] {dagbag.py:545} INFO - Filling up the DagBag from /opt/airflow/dags/create_final_table_dag.py
[2024-05-30T11:46:19.371+0000] {processor.py:840} INFO - DAG(s) 'dag_final_table' retrieved from /opt/airflow/dags/create_final_table_dag.py
[2024-05-30T11:46:19.381+0000] {logging_mixin.py:188} INFO - [2024-05-30T11:46:19.381+0000] {dag.py:3096} INFO - Sync 1 DAGs
[2024-05-30T11:46:19.390+0000] {logging_mixin.py:188} INFO - [2024-05-30T11:46:19.389+0000] {dag.py:3954} INFO - Setting next_dagrun for dag_final_table to None, run_after=None
[2024-05-30T11:46:19.397+0000] {processor.py:183} INFO - Processing /opt/airflow/dags/create_final_table_dag.py took 0.496 seconds
[2024-05-30T11:46:49.665+0000] {processor.py:161} INFO - Started process (PID=7385) to work on /opt/airflow/dags/create_final_table_dag.py
[2024-05-30T11:46:49.666+0000] {processor.py:830} INFO - Processing file /opt/airflow/dags/create_final_table_dag.py for tasks to queue
[2024-05-30T11:46:49.669+0000] {logging_mixin.py:188} INFO - [2024-05-30T11:46:49.668+0000] {dagbag.py:545} INFO - Filling up the DagBag from /opt/airflow/dags/create_final_table_dag.py
[2024-05-30T11:46:50.113+0000] {processor.py:840} INFO - DAG(s) 'dag_final_table' retrieved from /opt/airflow/dags/create_final_table_dag.py
[2024-05-30T11:46:50.123+0000] {logging_mixin.py:188} INFO - [2024-05-30T11:46:50.123+0000] {dag.py:3096} INFO - Sync 1 DAGs
[2024-05-30T11:46:50.131+0000] {logging_mixin.py:188} INFO - [2024-05-30T11:46:50.131+0000] {dag.py:3954} INFO - Setting next_dagrun for dag_final_table to None, run_after=None
[2024-05-30T11:46:50.139+0000] {processor.py:183} INFO - Processing /opt/airflow/dags/create_final_table_dag.py took 0.482 seconds
[2024-05-30T11:47:20.460+0000] {processor.py:161} INFO - Started process (PID=7425) to work on /opt/airflow/dags/create_final_table_dag.py
[2024-05-30T11:47:20.461+0000] {processor.py:830} INFO - Processing file /opt/airflow/dags/create_final_table_dag.py for tasks to queue
[2024-05-30T11:47:20.463+0000] {logging_mixin.py:188} INFO - [2024-05-30T11:47:20.463+0000] {dagbag.py:545} INFO - Filling up the DagBag from /opt/airflow/dags/create_final_table_dag.py
[2024-05-30T11:47:20.890+0000] {processor.py:840} INFO - DAG(s) 'dag_final_table' retrieved from /opt/airflow/dags/create_final_table_dag.py
[2024-05-30T11:47:20.900+0000] {logging_mixin.py:188} INFO - [2024-05-30T11:47:20.900+0000] {dag.py:3096} INFO - Sync 1 DAGs
[2024-05-30T11:47:20.908+0000] {logging_mixin.py:188} INFO - [2024-05-30T11:47:20.908+0000] {dag.py:3954} INFO - Setting next_dagrun for dag_final_table to None, run_after=None
[2024-05-30T11:47:20.916+0000] {processor.py:183} INFO - Processing /opt/airflow/dags/create_final_table_dag.py took 0.464 seconds
