[2024-05-30T03:53:59.926+0000] {processor.py:161} INFO - Started process (PID=3715) to work on /opt/airflow/dags/cust_prof_dag.py
[2024-05-30T03:53:59.928+0000] {processor.py:830} INFO - Processing file /opt/airflow/dags/cust_prof_dag.py for tasks to queue
[2024-05-30T03:53:59.930+0000] {logging_mixin.py:188} INFO - [2024-05-30T03:53:59.930+0000] {dagbag.py:545} INFO - Filling up the DagBag from /opt/airflow/dags/cust_prof_dag.py
[2024-05-30T03:54:00.201+0000] {processor.py:840} INFO - DAG(s) 'dag_analysis' retrieved from /opt/airflow/dags/cust_prof_dag.py
[2024-05-30T03:54:00.211+0000] {logging_mixin.py:188} INFO - [2024-05-30T03:54:00.211+0000] {dag.py:3096} INFO - Sync 1 DAGs
[2024-05-30T03:54:00.219+0000] {logging_mixin.py:188} INFO - [2024-05-30T03:54:00.219+0000] {dag.py:3954} INFO - Setting next_dagrun for dag_analysis to 2024-05-01 00:00:00+00:00, run_after=2024-05-02 00:00:00+00:00
[2024-05-30T03:54:00.226+0000] {processor.py:183} INFO - Processing /opt/airflow/dags/cust_prof_dag.py took 0.308 seconds
[2024-05-30T03:54:30.684+0000] {processor.py:161} INFO - Started process (PID=3755) to work on /opt/airflow/dags/cust_prof_dag.py
[2024-05-30T03:54:30.685+0000] {processor.py:830} INFO - Processing file /opt/airflow/dags/cust_prof_dag.py for tasks to queue
[2024-05-30T03:54:30.687+0000] {logging_mixin.py:188} INFO - [2024-05-30T03:54:30.687+0000] {dagbag.py:545} INFO - Filling up the DagBag from /opt/airflow/dags/cust_prof_dag.py
[2024-05-30T03:54:30.954+0000] {processor.py:840} INFO - DAG(s) 'dag_analysis' retrieved from /opt/airflow/dags/cust_prof_dag.py
[2024-05-30T03:54:30.964+0000] {logging_mixin.py:188} INFO - [2024-05-30T03:54:30.964+0000] {dag.py:3096} INFO - Sync 1 DAGs
[2024-05-30T03:54:30.972+0000] {logging_mixin.py:188} INFO - [2024-05-30T03:54:30.972+0000] {dag.py:3954} INFO - Setting next_dagrun for dag_analysis to 2024-05-01 00:00:00+00:00, run_after=2024-05-02 00:00:00+00:00
[2024-05-30T03:54:30.980+0000] {processor.py:183} INFO - Processing /opt/airflow/dags/cust_prof_dag.py took 0.305 seconds
[2024-05-30T03:55:01.381+0000] {processor.py:161} INFO - Started process (PID=3794) to work on /opt/airflow/dags/cust_prof_dag.py
[2024-05-30T03:55:01.383+0000] {processor.py:830} INFO - Processing file /opt/airflow/dags/cust_prof_dag.py for tasks to queue
[2024-05-30T03:55:01.385+0000] {logging_mixin.py:188} INFO - [2024-05-30T03:55:01.385+0000] {dagbag.py:545} INFO - Filling up the DagBag from /opt/airflow/dags/cust_prof_dag.py
[2024-05-30T03:55:01.658+0000] {processor.py:840} INFO - DAG(s) 'dag_analysis' retrieved from /opt/airflow/dags/cust_prof_dag.py
[2024-05-30T03:55:01.668+0000] {logging_mixin.py:188} INFO - [2024-05-30T03:55:01.668+0000] {dag.py:3096} INFO - Sync 1 DAGs
[2024-05-30T03:55:01.676+0000] {logging_mixin.py:188} INFO - [2024-05-30T03:55:01.676+0000] {dag.py:3954} INFO - Setting next_dagrun for dag_analysis to 2024-05-01 00:00:00+00:00, run_after=2024-05-02 00:00:00+00:00
[2024-05-30T03:55:01.683+0000] {processor.py:183} INFO - Processing /opt/airflow/dags/cust_prof_dag.py took 0.311 seconds
[2024-05-30T03:55:32.048+0000] {processor.py:161} INFO - Started process (PID=3834) to work on /opt/airflow/dags/cust_prof_dag.py
[2024-05-30T03:55:32.049+0000] {processor.py:830} INFO - Processing file /opt/airflow/dags/cust_prof_dag.py for tasks to queue
[2024-05-30T03:55:32.051+0000] {logging_mixin.py:188} INFO - [2024-05-30T03:55:32.051+0000] {dagbag.py:545} INFO - Filling up the DagBag from /opt/airflow/dags/cust_prof_dag.py
[2024-05-30T03:55:32.343+0000] {processor.py:840} INFO - DAG(s) 'dag_analysis' retrieved from /opt/airflow/dags/cust_prof_dag.py
[2024-05-30T03:55:32.354+0000] {logging_mixin.py:188} INFO - [2024-05-30T03:55:32.354+0000] {dag.py:3096} INFO - Sync 1 DAGs
[2024-05-30T03:55:32.363+0000] {logging_mixin.py:188} INFO - [2024-05-30T03:55:32.363+0000] {dag.py:3954} INFO - Setting next_dagrun for dag_analysis to 2024-05-01 00:00:00+00:00, run_after=2024-05-02 00:00:00+00:00
[2024-05-30T03:55:32.372+0000] {processor.py:183} INFO - Processing /opt/airflow/dags/cust_prof_dag.py took 0.333 seconds
[2024-05-30T03:56:02.808+0000] {processor.py:161} INFO - Started process (PID=3874) to work on /opt/airflow/dags/cust_prof_dag.py
[2024-05-30T03:56:02.810+0000] {processor.py:830} INFO - Processing file /opt/airflow/dags/cust_prof_dag.py for tasks to queue
[2024-05-30T03:56:02.812+0000] {logging_mixin.py:188} INFO - [2024-05-30T03:56:02.812+0000] {dagbag.py:545} INFO - Filling up the DagBag from /opt/airflow/dags/cust_prof_dag.py
[2024-05-30T03:56:03.089+0000] {processor.py:840} INFO - DAG(s) 'dag_analysis' retrieved from /opt/airflow/dags/cust_prof_dag.py
[2024-05-30T03:56:03.099+0000] {logging_mixin.py:188} INFO - [2024-05-30T03:56:03.099+0000] {dag.py:3096} INFO - Sync 1 DAGs
[2024-05-30T03:56:03.108+0000] {logging_mixin.py:188} INFO - [2024-05-30T03:56:03.108+0000] {dag.py:3954} INFO - Setting next_dagrun for dag_analysis to 2024-05-01 00:00:00+00:00, run_after=2024-05-02 00:00:00+00:00
[2024-05-30T03:56:03.116+0000] {processor.py:183} INFO - Processing /opt/airflow/dags/cust_prof_dag.py took 0.317 seconds
[2024-05-30T03:56:33.571+0000] {processor.py:161} INFO - Started process (PID=3914) to work on /opt/airflow/dags/cust_prof_dag.py
[2024-05-30T03:56:33.573+0000] {processor.py:830} INFO - Processing file /opt/airflow/dags/cust_prof_dag.py for tasks to queue
[2024-05-30T03:56:33.575+0000] {logging_mixin.py:188} INFO - [2024-05-30T03:56:33.574+0000] {dagbag.py:545} INFO - Filling up the DagBag from /opt/airflow/dags/cust_prof_dag.py
[2024-05-30T03:56:33.854+0000] {processor.py:840} INFO - DAG(s) 'dag_analysis' retrieved from /opt/airflow/dags/cust_prof_dag.py
[2024-05-30T03:56:33.865+0000] {logging_mixin.py:188} INFO - [2024-05-30T03:56:33.865+0000] {dag.py:3096} INFO - Sync 1 DAGs
[2024-05-30T03:56:33.873+0000] {logging_mixin.py:188} INFO - [2024-05-30T03:56:33.873+0000] {dag.py:3954} INFO - Setting next_dagrun for dag_analysis to 2024-05-01 00:00:00+00:00, run_after=2024-05-02 00:00:00+00:00
[2024-05-30T03:56:33.881+0000] {processor.py:183} INFO - Processing /opt/airflow/dags/cust_prof_dag.py took 0.318 seconds
[2024-05-30T03:57:04.208+0000] {processor.py:161} INFO - Started process (PID=3954) to work on /opt/airflow/dags/cust_prof_dag.py
[2024-05-30T03:57:04.210+0000] {processor.py:830} INFO - Processing file /opt/airflow/dags/cust_prof_dag.py for tasks to queue
[2024-05-30T03:57:04.212+0000] {logging_mixin.py:188} INFO - [2024-05-30T03:57:04.212+0000] {dagbag.py:545} INFO - Filling up the DagBag from /opt/airflow/dags/cust_prof_dag.py
[2024-05-30T03:57:04.508+0000] {processor.py:840} INFO - DAG(s) 'dag_analysis' retrieved from /opt/airflow/dags/cust_prof_dag.py
[2024-05-30T03:57:04.519+0000] {logging_mixin.py:188} INFO - [2024-05-30T03:57:04.519+0000] {dag.py:3096} INFO - Sync 1 DAGs
[2024-05-30T03:57:04.529+0000] {logging_mixin.py:188} INFO - [2024-05-30T03:57:04.529+0000] {dag.py:3954} INFO - Setting next_dagrun for dag_analysis to 2024-05-01 00:00:00+00:00, run_after=2024-05-02 00:00:00+00:00
[2024-05-30T03:57:04.537+0000] {processor.py:183} INFO - Processing /opt/airflow/dags/cust_prof_dag.py took 0.340 seconds
[2024-05-30T03:57:34.911+0000] {processor.py:161} INFO - Started process (PID=3994) to work on /opt/airflow/dags/cust_prof_dag.py
[2024-05-30T03:57:34.913+0000] {processor.py:830} INFO - Processing file /opt/airflow/dags/cust_prof_dag.py for tasks to queue
[2024-05-30T03:57:34.915+0000] {logging_mixin.py:188} INFO - [2024-05-30T03:57:34.914+0000] {dagbag.py:545} INFO - Filling up the DagBag from /opt/airflow/dags/cust_prof_dag.py
[2024-05-30T03:57:35.188+0000] {processor.py:840} INFO - DAG(s) 'dag_analysis' retrieved from /opt/airflow/dags/cust_prof_dag.py
[2024-05-30T03:57:35.198+0000] {logging_mixin.py:188} INFO - [2024-05-30T03:57:35.198+0000] {dag.py:3096} INFO - Sync 1 DAGs
[2024-05-30T03:57:35.206+0000] {logging_mixin.py:188} INFO - [2024-05-30T03:57:35.206+0000] {dag.py:3954} INFO - Setting next_dagrun for dag_analysis to 2024-05-01 00:00:00+00:00, run_after=2024-05-02 00:00:00+00:00
[2024-05-30T03:57:35.214+0000] {processor.py:183} INFO - Processing /opt/airflow/dags/cust_prof_dag.py took 0.311 seconds
[2024-05-30T03:58:05.568+0000] {processor.py:161} INFO - Started process (PID=4033) to work on /opt/airflow/dags/cust_prof_dag.py
[2024-05-30T03:58:05.569+0000] {processor.py:830} INFO - Processing file /opt/airflow/dags/cust_prof_dag.py for tasks to queue
[2024-05-30T03:58:05.572+0000] {logging_mixin.py:188} INFO - [2024-05-30T03:58:05.571+0000] {dagbag.py:545} INFO - Filling up the DagBag from /opt/airflow/dags/cust_prof_dag.py
[2024-05-30T03:58:05.831+0000] {processor.py:840} INFO - DAG(s) 'dag_analysis' retrieved from /opt/airflow/dags/cust_prof_dag.py
[2024-05-30T03:58:05.841+0000] {logging_mixin.py:188} INFO - [2024-05-30T03:58:05.841+0000] {dag.py:3096} INFO - Sync 1 DAGs
[2024-05-30T03:58:05.849+0000] {logging_mixin.py:188} INFO - [2024-05-30T03:58:05.849+0000] {dag.py:3954} INFO - Setting next_dagrun for dag_analysis to 2024-05-01 00:00:00+00:00, run_after=2024-05-02 00:00:00+00:00
[2024-05-30T03:58:05.856+0000] {processor.py:183} INFO - Processing /opt/airflow/dags/cust_prof_dag.py took 0.297 seconds
[2024-05-30T03:58:36.202+0000] {processor.py:161} INFO - Started process (PID=4073) to work on /opt/airflow/dags/cust_prof_dag.py
[2024-05-30T03:58:36.203+0000] {processor.py:830} INFO - Processing file /opt/airflow/dags/cust_prof_dag.py for tasks to queue
[2024-05-30T03:58:36.205+0000] {logging_mixin.py:188} INFO - [2024-05-30T03:58:36.205+0000] {dagbag.py:545} INFO - Filling up the DagBag from /opt/airflow/dags/cust_prof_dag.py
[2024-05-30T03:58:36.467+0000] {processor.py:840} INFO - DAG(s) 'dag_analysis' retrieved from /opt/airflow/dags/cust_prof_dag.py
[2024-05-30T03:58:36.476+0000] {logging_mixin.py:188} INFO - [2024-05-30T03:58:36.476+0000] {dag.py:3096} INFO - Sync 1 DAGs
[2024-05-30T03:58:36.484+0000] {logging_mixin.py:188} INFO - [2024-05-30T03:58:36.484+0000] {dag.py:3954} INFO - Setting next_dagrun for dag_analysis to 2024-05-01 00:00:00+00:00, run_after=2024-05-02 00:00:00+00:00
[2024-05-30T03:58:36.491+0000] {processor.py:183} INFO - Processing /opt/airflow/dags/cust_prof_dag.py took 0.299 seconds
[2024-05-30T03:59:06.856+0000] {processor.py:161} INFO - Started process (PID=4113) to work on /opt/airflow/dags/cust_prof_dag.py
[2024-05-30T03:59:06.858+0000] {processor.py:830} INFO - Processing file /opt/airflow/dags/cust_prof_dag.py for tasks to queue
[2024-05-30T03:59:06.861+0000] {logging_mixin.py:188} INFO - [2024-05-30T03:59:06.860+0000] {dagbag.py:545} INFO - Filling up the DagBag from /opt/airflow/dags/cust_prof_dag.py
[2024-05-30T03:59:07.127+0000] {processor.py:840} INFO - DAG(s) 'dag_analysis' retrieved from /opt/airflow/dags/cust_prof_dag.py
[2024-05-30T03:59:07.137+0000] {logging_mixin.py:188} INFO - [2024-05-30T03:59:07.137+0000] {dag.py:3096} INFO - Sync 1 DAGs
[2024-05-30T03:59:07.145+0000] {logging_mixin.py:188} INFO - [2024-05-30T03:59:07.145+0000] {dag.py:3954} INFO - Setting next_dagrun for dag_analysis to 2024-05-01 00:00:00+00:00, run_after=2024-05-02 00:00:00+00:00
[2024-05-30T03:59:07.152+0000] {processor.py:183} INFO - Processing /opt/airflow/dags/cust_prof_dag.py took 0.305 seconds
[2024-05-30T03:59:37.652+0000] {processor.py:161} INFO - Started process (PID=4153) to work on /opt/airflow/dags/cust_prof_dag.py
[2024-05-30T03:59:37.658+0000] {processor.py:830} INFO - Processing file /opt/airflow/dags/cust_prof_dag.py for tasks to queue
[2024-05-30T03:59:37.661+0000] {logging_mixin.py:188} INFO - [2024-05-30T03:59:37.660+0000] {dagbag.py:545} INFO - Filling up the DagBag from /opt/airflow/dags/cust_prof_dag.py
[2024-05-30T03:59:37.958+0000] {processor.py:840} INFO - DAG(s) 'dag_analysis' retrieved from /opt/airflow/dags/cust_prof_dag.py
[2024-05-30T03:59:37.967+0000] {logging_mixin.py:188} INFO - [2024-05-30T03:59:37.967+0000] {dag.py:3096} INFO - Sync 1 DAGs
[2024-05-30T03:59:37.975+0000] {logging_mixin.py:188} INFO - [2024-05-30T03:59:37.975+0000] {dag.py:3954} INFO - Setting next_dagrun for dag_analysis to 2024-05-01 00:00:00+00:00, run_after=2024-05-02 00:00:00+00:00
[2024-05-30T03:59:37.981+0000] {processor.py:183} INFO - Processing /opt/airflow/dags/cust_prof_dag.py took 0.341 seconds
[2024-05-30T04:04:16.888+0000] {processor.py:161} INFO - Started process (PID=4190) to work on /opt/airflow/dags/cust_prof_dag.py
[2024-05-30T04:04:16.889+0000] {processor.py:830} INFO - Processing file /opt/airflow/dags/cust_prof_dag.py for tasks to queue
[2024-05-30T04:04:16.890+0000] {logging_mixin.py:188} INFO - [2024-05-30T04:04:16.889+0000] {dagbag.py:545} INFO - Filling up the DagBag from /opt/airflow/dags/cust_prof_dag.py
[2024-05-30T04:04:17.177+0000] {processor.py:840} INFO - DAG(s) 'dag_analysis' retrieved from /opt/airflow/dags/cust_prof_dag.py
[2024-05-30T04:04:17.204+0000] {logging_mixin.py:188} INFO - [2024-05-30T04:04:17.204+0000] {dag.py:3096} INFO - Sync 1 DAGs
[2024-05-30T04:04:17.217+0000] {logging_mixin.py:188} INFO - [2024-05-30T04:04:17.217+0000] {dag.py:3954} INFO - Setting next_dagrun for dag_analysis to 2024-05-01 00:00:00+00:00, run_after=2024-05-02 00:00:00+00:00
[2024-05-30T04:04:17.248+0000] {processor.py:183} INFO - Processing /opt/airflow/dags/cust_prof_dag.py took 0.364 seconds
[2024-05-30T04:04:47.822+0000] {processor.py:161} INFO - Started process (PID=4230) to work on /opt/airflow/dags/cust_prof_dag.py
[2024-05-30T04:04:47.823+0000] {processor.py:830} INFO - Processing file /opt/airflow/dags/cust_prof_dag.py for tasks to queue
[2024-05-30T04:04:47.825+0000] {logging_mixin.py:188} INFO - [2024-05-30T04:04:47.825+0000] {dagbag.py:545} INFO - Filling up the DagBag from /opt/airflow/dags/cust_prof_dag.py
[2024-05-30T04:04:48.113+0000] {processor.py:840} INFO - DAG(s) 'dag_analysis' retrieved from /opt/airflow/dags/cust_prof_dag.py
[2024-05-30T04:04:48.142+0000] {logging_mixin.py:188} INFO - [2024-05-30T04:04:48.142+0000] {dag.py:3096} INFO - Sync 1 DAGs
[2024-05-30T04:04:48.155+0000] {logging_mixin.py:188} INFO - [2024-05-30T04:04:48.155+0000] {dag.py:3954} INFO - Setting next_dagrun for dag_analysis to 2024-05-01 00:00:00+00:00, run_after=2024-05-02 00:00:00+00:00
[2024-05-30T04:04:48.164+0000] {processor.py:183} INFO - Processing /opt/airflow/dags/cust_prof_dag.py took 0.350 seconds
[2024-05-30T04:05:18.712+0000] {processor.py:161} INFO - Started process (PID=4269) to work on /opt/airflow/dags/cust_prof_dag.py
[2024-05-30T04:05:18.713+0000] {processor.py:830} INFO - Processing file /opt/airflow/dags/cust_prof_dag.py for tasks to queue
[2024-05-30T04:05:18.715+0000] {logging_mixin.py:188} INFO - [2024-05-30T04:05:18.714+0000] {dagbag.py:545} INFO - Filling up the DagBag from /opt/airflow/dags/cust_prof_dag.py
[2024-05-30T04:05:19.023+0000] {processor.py:840} INFO - DAG(s) 'dag_analysis' retrieved from /opt/airflow/dags/cust_prof_dag.py
[2024-05-30T04:05:19.034+0000] {logging_mixin.py:188} INFO - [2024-05-30T04:05:19.034+0000] {dag.py:3096} INFO - Sync 1 DAGs
[2024-05-30T04:05:19.043+0000] {logging_mixin.py:188} INFO - [2024-05-30T04:05:19.043+0000] {dag.py:3954} INFO - Setting next_dagrun for dag_analysis to 2024-05-01 00:00:00+00:00, run_after=2024-05-02 00:00:00+00:00
[2024-05-30T04:05:19.052+0000] {processor.py:183} INFO - Processing /opt/airflow/dags/cust_prof_dag.py took 0.348 seconds
[2024-05-30T04:05:49.663+0000] {processor.py:161} INFO - Started process (PID=4309) to work on /opt/airflow/dags/cust_prof_dag.py
[2024-05-30T04:05:49.664+0000] {processor.py:830} INFO - Processing file /opt/airflow/dags/cust_prof_dag.py for tasks to queue
[2024-05-30T04:05:49.666+0000] {logging_mixin.py:188} INFO - [2024-05-30T04:05:49.665+0000] {dagbag.py:545} INFO - Filling up the DagBag from /opt/airflow/dags/cust_prof_dag.py
[2024-05-30T04:05:49.967+0000] {processor.py:840} INFO - DAG(s) 'dag_analysis' retrieved from /opt/airflow/dags/cust_prof_dag.py
[2024-05-30T04:05:49.979+0000] {logging_mixin.py:188} INFO - [2024-05-30T04:05:49.979+0000] {dag.py:3096} INFO - Sync 1 DAGs
[2024-05-30T04:05:49.988+0000] {logging_mixin.py:188} INFO - [2024-05-30T04:05:49.988+0000] {dag.py:3954} INFO - Setting next_dagrun for dag_analysis to 2024-05-01 00:00:00+00:00, run_after=2024-05-02 00:00:00+00:00
[2024-05-30T04:05:49.996+0000] {processor.py:183} INFO - Processing /opt/airflow/dags/cust_prof_dag.py took 0.341 seconds
[2024-05-30T04:06:20.630+0000] {processor.py:161} INFO - Started process (PID=4349) to work on /opt/airflow/dags/cust_prof_dag.py
[2024-05-30T04:06:20.631+0000] {processor.py:830} INFO - Processing file /opt/airflow/dags/cust_prof_dag.py for tasks to queue
[2024-05-30T04:06:20.633+0000] {logging_mixin.py:188} INFO - [2024-05-30T04:06:20.633+0000] {dagbag.py:545} INFO - Filling up the DagBag from /opt/airflow/dags/cust_prof_dag.py
[2024-05-30T04:06:20.916+0000] {processor.py:840} INFO - DAG(s) 'dag_analysis' retrieved from /opt/airflow/dags/cust_prof_dag.py
[2024-05-30T04:06:20.949+0000] {logging_mixin.py:188} INFO - [2024-05-30T04:06:20.948+0000] {dag.py:3096} INFO - Sync 1 DAGs
[2024-05-30T04:06:20.969+0000] {logging_mixin.py:188} INFO - [2024-05-30T04:06:20.968+0000] {dag.py:3954} INFO - Setting next_dagrun for dag_analysis to 2024-05-01 00:00:00+00:00, run_after=2024-05-02 00:00:00+00:00
[2024-05-30T04:06:20.979+0000] {processor.py:183} INFO - Processing /opt/airflow/dags/cust_prof_dag.py took 0.356 seconds
[2024-05-30T04:06:51.542+0000] {processor.py:161} INFO - Started process (PID=4395) to work on /opt/airflow/dags/cust_prof_dag.py
[2024-05-30T04:06:51.543+0000] {processor.py:830} INFO - Processing file /opt/airflow/dags/cust_prof_dag.py for tasks to queue
[2024-05-30T04:06:51.545+0000] {logging_mixin.py:188} INFO - [2024-05-30T04:06:51.545+0000] {dagbag.py:545} INFO - Filling up the DagBag from /opt/airflow/dags/cust_prof_dag.py
[2024-05-30T04:06:51.828+0000] {processor.py:840} INFO - DAG(s) 'dag_analysis' retrieved from /opt/airflow/dags/cust_prof_dag.py
[2024-05-30T04:06:51.851+0000] {logging_mixin.py:188} INFO - [2024-05-30T04:06:51.851+0000] {dag.py:3096} INFO - Sync 1 DAGs
[2024-05-30T04:06:51.867+0000] {logging_mixin.py:188} INFO - [2024-05-30T04:06:51.867+0000] {dag.py:3954} INFO - Setting next_dagrun for dag_analysis to 2024-05-01 00:00:00+00:00, run_after=2024-05-02 00:00:00+00:00
[2024-05-30T04:06:51.878+0000] {processor.py:183} INFO - Processing /opt/airflow/dags/cust_prof_dag.py took 0.343 seconds
[2024-05-30T04:07:22.447+0000] {processor.py:161} INFO - Started process (PID=4435) to work on /opt/airflow/dags/cust_prof_dag.py
[2024-05-30T04:07:22.448+0000] {processor.py:830} INFO - Processing file /opt/airflow/dags/cust_prof_dag.py for tasks to queue
[2024-05-30T04:07:22.450+0000] {logging_mixin.py:188} INFO - [2024-05-30T04:07:22.450+0000] {dagbag.py:545} INFO - Filling up the DagBag from /opt/airflow/dags/cust_prof_dag.py
[2024-05-30T04:07:22.734+0000] {processor.py:840} INFO - DAG(s) 'dag_analysis' retrieved from /opt/airflow/dags/cust_prof_dag.py
[2024-05-30T04:07:22.754+0000] {logging_mixin.py:188} INFO - [2024-05-30T04:07:22.753+0000] {dag.py:3096} INFO - Sync 1 DAGs
[2024-05-30T04:07:22.765+0000] {logging_mixin.py:188} INFO - [2024-05-30T04:07:22.765+0000] {dag.py:3954} INFO - Setting next_dagrun for dag_analysis to 2024-05-01 00:00:00+00:00, run_after=2024-05-02 00:00:00+00:00
[2024-05-30T04:07:22.779+0000] {processor.py:183} INFO - Processing /opt/airflow/dags/cust_prof_dag.py took 0.339 seconds
[2024-05-30T04:07:53.395+0000] {processor.py:161} INFO - Started process (PID=4475) to work on /opt/airflow/dags/cust_prof_dag.py
[2024-05-30T04:07:53.396+0000] {processor.py:830} INFO - Processing file /opt/airflow/dags/cust_prof_dag.py for tasks to queue
[2024-05-30T04:07:53.398+0000] {logging_mixin.py:188} INFO - [2024-05-30T04:07:53.398+0000] {dagbag.py:545} INFO - Filling up the DagBag from /opt/airflow/dags/cust_prof_dag.py
[2024-05-30T04:07:53.687+0000] {processor.py:840} INFO - DAG(s) 'dag_analysis' retrieved from /opt/airflow/dags/cust_prof_dag.py
[2024-05-30T04:07:53.725+0000] {logging_mixin.py:188} INFO - [2024-05-30T04:07:53.725+0000] {dag.py:3096} INFO - Sync 1 DAGs
[2024-05-30T04:07:53.733+0000] {logging_mixin.py:188} INFO - [2024-05-30T04:07:53.733+0000] {dag.py:3954} INFO - Setting next_dagrun for dag_analysis to 2024-05-01 00:00:00+00:00, run_after=2024-05-02 00:00:00+00:00
[2024-05-30T04:07:53.741+0000] {processor.py:183} INFO - Processing /opt/airflow/dags/cust_prof_dag.py took 0.354 seconds
[2024-05-30T04:08:24.244+0000] {processor.py:161} INFO - Started process (PID=4515) to work on /opt/airflow/dags/cust_prof_dag.py
[2024-05-30T04:08:24.245+0000] {processor.py:830} INFO - Processing file /opt/airflow/dags/cust_prof_dag.py for tasks to queue
[2024-05-30T04:08:24.246+0000] {logging_mixin.py:188} INFO - [2024-05-30T04:08:24.246+0000] {dagbag.py:545} INFO - Filling up the DagBag from /opt/airflow/dags/cust_prof_dag.py
[2024-05-30T04:08:24.532+0000] {processor.py:840} INFO - DAG(s) 'dag_analysis' retrieved from /opt/airflow/dags/cust_prof_dag.py
[2024-05-30T04:08:24.574+0000] {logging_mixin.py:188} INFO - [2024-05-30T04:08:24.574+0000] {dag.py:3096} INFO - Sync 1 DAGs
[2024-05-30T04:08:24.587+0000] {logging_mixin.py:188} INFO - [2024-05-30T04:08:24.587+0000] {dag.py:3954} INFO - Setting next_dagrun for dag_analysis to 2024-05-01 00:00:00+00:00, run_after=2024-05-02 00:00:00+00:00
[2024-05-30T04:08:24.596+0000] {processor.py:183} INFO - Processing /opt/airflow/dags/cust_prof_dag.py took 0.358 seconds
[2024-05-30T04:09:51.553+0000] {processor.py:161} INFO - Started process (PID=168) to work on /opt/airflow/dags/cust_prof_dag.py
[2024-05-30T04:09:51.554+0000] {processor.py:830} INFO - Processing file /opt/airflow/dags/cust_prof_dag.py for tasks to queue
[2024-05-30T04:09:51.555+0000] {logging_mixin.py:188} INFO - [2024-05-30T04:09:51.555+0000] {dagbag.py:540} INFO - Filling up the DagBag from /opt/airflow/dags/cust_prof_dag.py
[2024-05-30T04:09:52.259+0000] {processor.py:840} INFO - DAG(s) 'dag_analysis' retrieved from /opt/airflow/dags/cust_prof_dag.py
[2024-05-30T04:09:52.367+0000] {logging_mixin.py:188} INFO - [2024-05-30T04:09:52.366+0000] {dag.py:3096} INFO - Sync 1 DAGs
[2024-05-30T04:09:52.375+0000] {logging_mixin.py:188} INFO - [2024-05-30T04:09:52.375+0000] {dag.py:3954} INFO - Setting next_dagrun for dag_analysis to 2024-05-01 00:00:00+00:00, run_after=2024-05-02 00:00:00+00:00
[2024-05-30T04:09:52.383+0000] {processor.py:183} INFO - Processing /opt/airflow/dags/cust_prof_dag.py took 0.833 seconds
[2024-05-30T04:11:43.619+0000] {processor.py:161} INFO - Started process (PID=168) to work on /opt/airflow/dags/cust_prof_dag.py
[2024-05-30T04:11:43.621+0000] {processor.py:830} INFO - Processing file /opt/airflow/dags/cust_prof_dag.py for tasks to queue
[2024-05-30T04:11:43.623+0000] {logging_mixin.py:188} INFO - [2024-05-30T04:11:43.623+0000] {dagbag.py:545} INFO - Filling up the DagBag from /opt/airflow/dags/cust_prof_dag.py
[2024-05-30T04:11:44.412+0000] {processor.py:840} INFO - DAG(s) 'dag_analysis' retrieved from /opt/airflow/dags/cust_prof_dag.py
[2024-05-30T04:11:44.523+0000] {logging_mixin.py:188} INFO - [2024-05-30T04:11:44.523+0000] {dag.py:3096} INFO - Sync 1 DAGs
[2024-05-30T04:11:44.532+0000] {logging_mixin.py:188} INFO - [2024-05-30T04:11:44.532+0000] {dag.py:3954} INFO - Setting next_dagrun for dag_analysis to 2024-05-01 00:00:00+00:00, run_after=2024-05-02 00:00:00+00:00
[2024-05-30T04:11:44.541+0000] {processor.py:183} INFO - Processing /opt/airflow/dags/cust_prof_dag.py took 0.926 seconds
